<?xml version="1.0" encoding="UTF-8"?>
<testng-results ignored="0" total="1" passed="1" failed="0" skipped="0">
  <reporter-output>
  </reporter-output>
  <suite started-at="2024-02-01T20:25:04 IST" name="Default suite" finished-at="2024-02-01T20:25:06 IST" duration-ms="2181">
    <groups>
    </groups>
    <test started-at="2024-02-01T20:25:04 IST" name="Default test" finished-at="2024-02-01T20:25:06 IST" duration-ms="2181">
      <class name="sauceDemoTestRunner.TestPage">
        <test-method signature="loginUser()[pri:0, instance:sauceDemoTestRunner.TestPage@738dc9b]" started-at="2024-02-01T20:25:04 IST" name="loginUser" finished-at="2024-02-01T20:25:06 IST" duration-ms="2133" status="PASS">
          <reporter-output>
          </reporter-output>
        </test-method> <!-- loginUser -->
      </class> <!-- sauceDemoTestRunner.TestPage -->
    </test> <!-- Default test -->
  </suite> <!-- Default suite -->
</testng-results>
